#
# There is insufficient memory for the Java Runtime Environment to continue.
# Native memory allocation (malloc) failed to allocate 426896 bytes for Chunk::new
# Possible reasons:
#   The system is out of physical RAM or swap space
#   The process is running with CompressedOops enabled, and the Java Heap may be blocking the growth of the native heap
# Possible solutions:
#   Reduce memory load on the system
#   Increase physical memory or swap space
#   Check if swap backing store is full
#   Decrease Java heap size (-Xmx/-Xms)
#   Decrease number of Java threads
#   Decrease Java thread stack sizes (-Xss)
#   Set larger code cache with -XX:ReservedCodeCacheSize=
#   JVM is running with Unscaled Compressed Oops mode in which the Java heap is
#     placed in the first 4GB address space. The Java Heap base address is the
#     maximum limit for the native heap growth. Please use -XX:HeapBaseMinAddress
#     to set the Java Heap base and to place the Java Heap above 4GB virtual address.
# This output file may be truncated or incomplete.
#
#  Out of Memory Error (allocation.cpp:389), pid=1080, tid=0x0000000000001724
#
# JRE version: OpenJDK Runtime Environment (8.0_212-b04) (build 1.8.0_212-release-1586-b04)
# Java VM: OpenJDK 64-Bit Server VM (25.212-b04 mixed mode windows-amd64 compressed oops)
# Failed to write core dump. Minidumps are not enabled by default on client versions of Windows
#

---------------  T H R E A D  ---------------

Current thread (0x0000000016898800):  JavaThread "C2 CompilerThread1" daemon [_thread_in_native, id=5924, stack(0x0000000017ff0000,0x00000000180f0000)]

Stack: [0x0000000017ff0000,0x00000000180f0000]
[error occurred during error reporting (printing stack bounds), id 0xc0000005]

Native frames: (J=compiled Java code, j=interpreted, Vv=VM code, C=native code)


Current CompileTask:
C2:  46656 6422  s!   4       sun.misc.URLClassPath::getLoader (243 bytes)


---------------  P R O C E S S  ---------------

Java Threads: ( => current thread )
  0x0000000018da6800 JavaThread "Keep-Alive-Timer" daemon [_thread_blocked, id=9600, stack(0x0000000023f40000,0x0000000024040000)]
  0x0000000018d9f000 JavaThread "File lock release action executor" [_thread_blocked, id=9328, stack(0x0000000023c40000,0x0000000023d40000)]
  0x00000000183eb000 JavaThread "Cache worker for file content cache (D:\android\GoogleLogin\.gradle\5.6.4\fileContent)" [_thread_blocked, id=11132, stack(0x0000000023460000,0x0000000023560000)]
  0x00000000183e9800 JavaThread "Cache worker for file content cache (C:\Users\simra\.gradle\caches\5.6.4\fileContent)" [_thread_blocked, id=10760, stack(0x0000000023360000,0x0000000023460000)]
  0x00000000183e5800 JavaThread "Memory manager" [_thread_blocked, id=6068, stack(0x00000000228d0000,0x00000000229d0000)]
  0x00000000183e4800 JavaThread "Cache worker for Build Output Cleanup Cache (D:\android\GoogleLogin\.gradle\buildOutputCleanup)" [_thread_blocked, id=7984, stack(0x0000000022a60000,0x0000000022b60000)]
  0x00000000183e8800 JavaThread "Build operations Thread 4" [_thread_blocked, id=11248, stack(0x0000000020fe0000,0x00000000210e0000)]
  0x00000000183e8000 JavaThread "Build operations Thread 3" [_thread_blocked, id=10404, stack(0x0000000020ee0000,0x0000000020fe0000)]
  0x00000000183ea000 JavaThread "Build operations Thread 2" [_thread_blocked, id=5856, stack(0x0000000020b60000,0x0000000020c60000)]
  0x00000000183e6800 JavaThread "Build operations" [_thread_blocked, id=10588, stack(0x0000000020a60000,0x0000000020b60000)]
  0x00000000188c0800 JavaThread "Cache worker for execution history cache (C:\Users\simra\.gradle\caches\5.6.4\executionHistory)" [_thread_blocked, id=7960, stack(0x0000000020960000,0x0000000020a60000)]
  0x00000000188c0000 JavaThread "Cache worker for cache directory md-rule (C:\Users\simra\.gradle\caches\5.6.4\md-rule)" [_thread_blocked, id=5672, stack(0x0000000020860000,0x0000000020960000)]
  0x00000000188c1800 JavaThread "Cache worker for cache directory md-supplier (C:\Users\simra\.gradle\caches\5.6.4\md-supplier)" [_thread_blocked, id=5180, stack(0x000000001f150000,0x000000001f250000)]
  0x00000000188c3800 JavaThread "Cache worker for file hash cache (D:\android\GoogleLogin\.gradle\5.6.4\fileHashes)" [_thread_blocked, id=12248, stack(0x000000001ea40000,0x000000001eb40000)]
  0x00000000188bf000 JavaThread "Cache worker for journal cache (C:\Users\simra\.gradle\caches\journal-1)" [_thread_blocked, id=12192, stack(0x000000001c610000,0x000000001c710000)]
  0x00000000188c2000 JavaThread "File lock request listener" [_thread_in_native, id=11688, stack(0x000000001c510000,0x000000001c610000)]
  0x000000001a356000 JavaThread "Cache worker for file hash cache (C:\Users\simra\.gradle\caches\5.6.4\fileHashes)" [_thread_blocked, id=9832, stack(0x000000001c410000,0x000000001c510000)]
  0x000000001a30c000 JavaThread "Thread-9" [_thread_blocked, id=10996, stack(0x000000001c110000,0x000000001c210000)]
  0x000000001a377800 JavaThread "Stdin handler" [_thread_blocked, id=7172, stack(0x000000001c010000,0x000000001c110000)]
  0x000000001a38e000 JavaThread "Asynchronous log dispatcher for DefaultDaemonConnection: socket connection from /127.0.0.1:65032 to /127.0.0.1:65033" [_thread_blocked, id=1036, stack(0x000000001bf10000,0x000000001c010000)]
  0x000000001a300800 JavaThread "Daemon worker" [_thread_in_native, id=3520, stack(0x000000001be10000,0x000000001bf10000)]
  0x000000001a2f0000 JavaThread "Cancel handler" [_thread_blocked, id=5776, stack(0x000000001bd10000,0x000000001be10000)]
  0x000000001a2b3800 JavaThread "Handler for socket connection from /127.0.0.1:65032 to /127.0.0.1:65033" [_thread_in_native, id=12544, stack(0x000000001ba10000,0x000000001bb10000)]
  0x000000001a2aa000 JavaThread "Daemon" [_thread_blocked, id=8976, stack(0x000000001b910000,0x000000001ba10000)]
  0x000000001a252000 JavaThread "Daemon periodic checks" [_thread_blocked, id=10476, stack(0x000000001b810000,0x000000001b910000)]
  0x000000001a24d800 JavaThread "Incoming local TCP Connector on port 65032" [_thread_in_native, id=10824, stack(0x000000001b5d0000,0x000000001b6d0000)]
  0x0000000018546000 JavaThread "Daemon health stats" [_thread_blocked, id=13040, stack(0x000000001af90000,0x000000001b090000)]
  0x00000000168ee800 JavaThread "Service Thread" daemon [_thread_blocked, id=12536, stack(0x00000000185f0000,0x00000000186f0000)]
  0x000000001689f800 JavaThread "C1 CompilerThread2" daemon [_thread_blocked, id=1040, stack(0x00000000180f0000,0x00000000181f0000)]
=>0x0000000016898800 JavaThread "C2 CompilerThread1" daemon [_thread_in_native, id=5924, stack(0x0000000017ff0000,0x00000000180f0000)]
  0x0000000016894800 JavaThread "C2 CompilerThread0" daemon [_thread_blocked, id=9120, stack(0x0000000017ef0000,0x0000000017ff0000)]
  0x0000000016892800 JavaThread "Attach Listener" daemon [_thread_blocked, id=12732, stack(0x0000000017df0000,0x0000000017ef0000)]
  0x0000000016891800 JavaThread "Signal Dispatcher" daemon [_thread_blocked, id=8740, stack(0x0000000017cf0000,0x0000000017df0000)]
  0x0000000002f1b000 JavaThread "Finalizer" daemon [_thread_blocked, id=3392, stack(0x0000000017af0000,0x0000000017bf0000)]
  0x0000000002f12000 JavaThread "Reference Handler" daemon [_thread_blocked, id=1352, stack(0x00000000179f0000,0x0000000017af0000)]
  0x0000000002e1d800 JavaThread "main" [_thread_blocked, id=9312, stack(0x0000000002c20000,0x0000000002d20000)]

Other Threads:
  0x0000000016857000 VMThread [stack: 0x00000000178f0000,0x00000000179f0000] [id=1368]
  0x0000000018219800 WatcherThread [stack: 0x00000000186f0000,0x00000000187f0000] [id=4884]

VM state:not at safepoint (normal execution)

VM Mutex/Monitor currently owned by a thread: None

heap address: 0x00000000a0000000, size: 1536 MB, Compressed Oops mode: 32-bit
Narrow klass base: 0x0000000000000000, Narrow klass shift: 3
Compressed class space size: 1073741824 Address: 0x0000000100000000

Heap:
 PSYoungGen      total 177664K, used 126884K [0x00000000e0000000, 0x00000000eda00000, 0x0000000100000000)
  eden space 160768K, 77% used [0x00000000e0000000,0x00000000e7a2f8e0,0x00000000e9d00000)
  from space 16896K, 10% used [0x00000000e9d00000,0x00000000e9eb9aa8,0x00000000ead80000)
  to   space 17408K, 0% used [0x00000000ec900000,0x00000000ec900000,0x00000000eda00000)
 ParOldGen       total 141312K, used 33201K [0x00000000a0000000, 0x00000000a8a00000, 0x00000000e0000000)
  object space 141312K, 23% used [0x00000000a0000000,0x00000000a206c4c8,0x00000000a8a00000)
 Metaspace       used 59533K, capacity 61448K, committed 61592K, reserved 1101824K
  class space    used 8047K, capacity 8506K, committed 8616K, reserved 1048576K

Card table byte_map: [0x00000000122e0000,0x00000000125f0000] byte_map_base: 0x0000000011de0000

Marking Bits: (ParMarkBitMap*) 0x0000000070ae9f30
 Begin Bits: [0x0000000012bf0000, 0x00000000143f0000)
 End Bits:   [0x00000000143f0000, 0x0000000015bf0000)

Polling page: 0x0000000001060000

CodeCache: size=245760Kb used=19873Kb max_used=19873Kb free=225886Kb
 bounds [0x0000000002f20000, 0x00000000042a0000, 0x0000000011f20000]
 total_blobs=6592 nmethods=5782 adapters=723
 compilation: enabled

Compilation events (10 events):
Event: 46.529 Thread 0x000000001689f800 nmethod 6487 0x0000000004248b10 code [0x0000000004249180, 0x000000000424f518]
Event: 46.529 Thread 0x000000001689f800 6489       3       sun.util.calendar.AbstractCalendar::getCalendarDate (217 bytes)
Event: 46.530 Thread 0x000000001689f800 nmethod 6489 0x00000000042470d0 code [0x00000000042472e0, 0x0000000004248278]
Event: 46.530 Thread 0x000000001689f800 6488       3       sun.util.calendar.Gregorian::getCalendarDate (10 bytes)
Event: 46.530 Thread 0x000000001689f800 nmethod 6488 0x0000000004246c10 code [0x0000000004246d80, 0x0000000004246fe8]
Event: 46.530 Thread 0x000000001689f800 6490       3       sun.util.calendar.CalendarDate::setZoneOffset (6 bytes)
Event: 46.530 Thread 0x000000001689f800 nmethod 6490 0x0000000004246910 code [0x0000000004246a60, 0x0000000004246bb0]
Event: 46.530 Thread 0x000000001689f800 6485       3       java.nio.file.attribute.FileTime::from (18 bytes)
Event: 46.531 Thread 0x000000001689f800 nmethod 6485 0x00000000042461d0 code [0x0000000004246360, 0x0000000004246728]
Event: 46.531 Thread 0x000000001689f800 6486       3       java.nio.file.attribute.FileTime::<init> (21 bytes)

GC Heap History (10 events):
Event: 12.497 GC heap before
{Heap before GC invocations=12 (full 2):
 PSYoungGen      total 114688K, used 102912K [0x00000000e0000000, 0x00000000ea300000, 0x0000000100000000)
  eden space 102912K, 100% used [0x00000000e0000000,0x00000000e6480000,0x00000000e6480000)
  from space 11776K, 0% used [0x00000000e6480000,0x00000000e6480000,0x00000000e7000000)
  to   space 12800K, 0% used [0x00000000e9680000,0x00000000e9680000,0x00000000ea300000)
 ParOldGen       total 94720K, used 18054K [0x00000000a0000000, 0x00000000a5c80000, 0x00000000e0000000)
  object space 94720K, 19% used [0x00000000a0000000,0x00000000a11a1980,0x00000000a5c80000)
 Metaspace       used 45024K, capacity 46040K, committed 46376K, reserved 1089536K
  class space    used 6041K, capacity 6318K, committed 6440K, reserved 1048576K
Event: 12.523 GC heap after
Heap after GC invocations=12 (full 2):
 PSYoungGen      total 142336K, used 12791K [0x00000000e0000000, 0x00000000ea300000, 0x0000000100000000)
  eden space 129536K, 0% used [0x00000000e0000000,0x00000000e0000000,0x00000000e7e80000)
  from space 12800K, 99% used [0x00000000e9680000,0x00000000ea2fde18,0x00000000ea300000)
  to   space 14848K, 0% used [0x00000000e8600000,0x00000000e8600000,0x00000000e9480000)
 ParOldGen       total 94720K, used 20103K [0x00000000a0000000, 0x00000000a5c80000, 0x00000000e0000000)
  object space 94720K, 21% used [0x00000000a0000000,0x00000000a13a1c18,0x00000000a5c80000)
 Metaspace       used 45024K, capacity 46040K, committed 46376K, reserved 1089536K
  class space    used 6041K, capacity 6318K, committed 6440K, reserved 1048576K
}
Event: 17.065 GC heap before
{Heap before GC invocations=13 (full 2):
 PSYoungGen      total 142336K, used 142327K [0x00000000e0000000, 0x00000000ea300000, 0x0000000100000000)
  eden space 129536K, 100% used [0x00000000e0000000,0x00000000e7e80000,0x00000000e7e80000)
  from space 12800K, 99% used [0x00000000e9680000,0x00000000ea2fde18,0x00000000ea300000)
  to   space 14848K, 0% used [0x00000000e8600000,0x00000000e8600000,0x00000000e9480000)
 ParOldGen       total 94720K, used 20103K [0x00000000a0000000, 0x00000000a5c80000, 0x00000000e0000000)
  object space 94720K, 21% used [0x00000000a0000000,0x00000000a13a1c18,0x00000000a5c80000)
 Metaspace       used 53852K, capacity 55488K, committed 55720K, reserved 1097728K
  class space    used 7386K, capacity 7794K, committed 7848K, reserved 1048576K
Event: 17.115 GC heap after
Heap after GC invocations=13 (full 2):
 PSYoungGen      total 152064K, used 14073K [0x00000000e0000000, 0x00000000ebd80000, 0x0000000100000000)
  eden space 137216K, 0% used [0x00000000e0000000,0x00000000e0000000,0x00000000e8600000)
  from space 14848K, 94% used [0x00000000e8600000,0x00000000e93be588,0x00000000e9480000)
  to   space 16384K, 0% used [0x00000000ead80000,0x00000000ead80000,0x00000000ebd80000)
 ParOldGen       total 94720K, used 26023K [0x00000000a0000000, 0x00000000a5c80000, 0x00000000e0000000)
  object space 94720K, 27% used [0x00000000a0000000,0x00000000a1969c50,0x00000000a5c80000)
 Metaspace       used 53852K, capacity 55488K, committed 55720K, reserved 1097728K
  class space    used 7386K, capacity 7794K, committed 7848K, reserved 1048576K
}
Event: 21.576 GC heap before
{Heap before GC invocations=14 (full 2):
 PSYoungGen      total 152064K, used 131022K [0x00000000e0000000, 0x00000000ebd80000, 0x0000000100000000)
  eden space 137216K, 85% used [0x00000000e0000000,0x00000000e7235338,0x00000000e8600000)
  from space 14848K, 94% used [0x00000000e8600000,0x00000000e93be588,0x00000000e9480000)
  to   space 16384K, 0% used [0x00000000ead80000,0x00000000ead80000,0x00000000ebd80000)
 ParOldGen       total 94720K, used 26023K [0x00000000a0000000, 0x00000000a5c80000, 0x00000000e0000000)
  object space 94720K, 27% used [0x00000000a0000000,0x00000000a1969c50,0x00000000a5c80000)
 Metaspace       used 57232K, capacity 59124K, committed 59160K, reserved 1099776K
  class space    used 7810K, capacity 8232K, committed 8232K, reserved 1048576K
Event: 21.605 GC heap after
Heap after GC invocations=14 (full 2):
 PSYoungGen      total 177152K, used 12381K [0x00000000e0000000, 0x00000000ec580000, 0x0000000100000000)
  eden space 160768K, 0% used [0x00000000e0000000,0x00000000e0000000,0x00000000e9d00000)
  from space 16384K, 75% used [0x00000000ead80000,0x00000000eb997408,0x00000000ebd80000)
  to   space 16896K, 0% used [0x00000000e9d00000,0x00000000e9d00000,0x00000000ead80000)
 ParOldGen       total 94720K, used 26095K [0x00000000a0000000, 0x00000000a5c80000, 0x00000000e0000000)
  object space 94720K, 27% used [0x00000000a0000000,0x00000000a197bc60,0x00000000a5c80000)
 Metaspace       used 57232K, capacity 59124K, committed 59160K, reserved 1099776K
  class space    used 7810K, capacity 8232K, committed 8232K, reserved 1048576K
}
Event: 21.605 GC heap before
{Heap before GC invocations=15 (full 3):
 PSYoungGen      total 177152K, used 12381K [0x00000000e0000000, 0x00000000ec580000, 0x0000000100000000)
  eden space 160768K, 0% used [0x00000000e0000000,0x00000000e0000000,0x00000000e9d00000)
  from space 16384K, 75% used [0x00000000ead80000,0x00000000eb997408,0x00000000ebd80000)
  to   space 16896K, 0% used [0x00000000e9d00000,0x00000000e9d00000,0x00000000ead80000)
 ParOldGen       total 94720K, used 26095K [0x00000000a0000000, 0x00000000a5c80000, 0x00000000e0000000)
  object space 94720K, 27% used [0x00000000a0000000,0x00000000a197bc60,0x00000000a5c80000)
 Metaspace       used 57232K, capacity 59124K, committed 59160K, reserved 1099776K
  class space    used 7810K, capacity 8232K, committed 8232K, reserved 1048576K
Event: 22.026 GC heap after
Heap after GC invocations=15 (full 3):
 PSYoungGen      total 177152K, used 0K [0x00000000e0000000, 0x00000000ec580000, 0x0000000100000000)
  eden space 160768K, 0% used [0x00000000e0000000,0x00000000e0000000,0x00000000e9d00000)
  from space 16384K, 0% used [0x00000000ead80000,0x00000000ead80000,0x00000000ebd80000)
  to   space 16896K, 0% used [0x00000000e9d00000,0x00000000e9d00000,0x00000000ead80000)
 ParOldGen       total 141312K, used 33193K [0x00000000a0000000, 0x00000000a8a00000, 0x00000000e0000000)
  object space 141312K, 23% used [0x00000000a0000000,0x00000000a206a4c8,0x00000000a8a00000)
 Metaspace       used 57232K, capacity 59124K, committed 59160K, reserved 1099776K
  class space    used 7810K, capacity 8232K, committed 8232K, reserved 1048576K
}
Event: 33.840 GC heap before
{Heap before GC invocations=16 (full 3):
 PSYoungGen      total 177152K, used 160761K [0x00000000e0000000, 0x00000000ec580000, 0x0000000100000000)
  eden space 160768K, 99% used [0x00000000e0000000,0x00000000e9cfe648,0x00000000e9d00000)
  from space 16384K, 0% used [0x00000000ead80000,0x00000000ead80000,0x00000000ebd80000)
  to   space 16896K, 0% used [0x00000000e9d00000,0x00000000e9d00000,0x00000000ead80000)
 ParOldGen       total 141312K, used 33193K [0x00000000a0000000, 0x00000000a8a00000, 0x00000000e0000000)
  object space 141312K, 23% used [0x00000000a0000000,0x00000000a206a4c8,0x00000000a8a00000)
 Metaspace       used 59139K, capacity 61082K, committed 61208K, reserved 1101824K
  class space    used 8012K, capacity 8471K, committed 8488K, reserved 1048576K
Event: 33.875 GC heap after
Heap after GC invocations=16 (full 3):
 PSYoungGen      total 177664K, used 1766K [0x00000000e0000000, 0x00000000eda00000, 0x0000000100000000)
  eden space 160768K, 0% used [0x00000000e0000000,0x00000000e0000000,0x00000000e9d00000)
  from space 16896K, 10% used [0x00000000e9d00000,0x00000000e9eb9aa8,0x00000000ead80000)
  to   space 17408K, 0% used [0x00000000ec900000,0x00000000ec900000,0x00000000eda00000)
 ParOldGen       total 141312K, used 33201K [0x00000000a0000000, 0x00000000a8a00000, 0x00000000e0000000)
  object space 141312K, 23% used [0x00000000a0000000,0x00000000a206c4c8,0x00000000a8a00000)
 Metaspace       used 59139K, capacity 61082K, committed 61208K, reserved 1101824K
  class space    used 8012K, capacity 8471K, committed 8488K, reserved 1048576K
}

Deoptimization events (10 events):
Event: 22.826 Thread 0x000000001a300800 Uncommon trap: reason=unstable_if action=reinterpret pc=0x00000000041647e4 method=java.lang.Math.max(DD)D @ 17
Event: 22.826 Thread 0x000000001a300800 Uncommon trap: reason=unstable_if action=reinterpret pc=0x0000000004151058 method=java.lang.Math.max(DD)D @ 17
Event: 22.900 Thread 0x000000001a300800 Uncommon trap: reason=unstable_if action=reinterpret pc=0x000000000354b8f4 method=com.sun.crypto.provider.GaloisCounterMode.increment32([B)V @ 39
Event: 22.900 Thread 0x000000001a300800 Uncommon trap: reason=unstable_if action=reinterpret pc=0x0000000003ab3d98 method=com.sun.crypto.provider.GaloisCounterMode.increment32([B)V @ 39
Event: 22.901 Thread 0x000000001a300800 Uncommon trap: reason=unstable_if action=reinterpret pc=0x000000000327a2cc method=com.sun.crypto.provider.GaloisCounterMode.increment32([B)V @ 39
Event: 46.106 Thread 0x000000001a300800 Uncommon trap: reason=unstable_if action=reinterpret pc=0x0000000003c4a904 method=sun.net.www.MeteredStream.justRead(J)V @ 101
Event: 46.108 Thread 0x000000001a300800 Uncommon trap: reason=unstable_if action=reinterpret pc=0x0000000004150d1c method=java.lang.Math.min(DD)D @ 36
Event: 46.108 Thread 0x000000001a300800 Uncommon trap: reason=unstable_if action=reinterpret pc=0x0000000003c4c998 method=sun.net.www.MeteredStream.read([BII)I @ 4
Event: 46.460 Thread 0x000000001a300800 Uncommon trap: reason=unstable_if action=reinterpret pc=0x0000000003a8084c method=java.lang.StringCoding$StringDecoder.decode([BII)[C @ 20
Event: 46.462 Thread 0x000000001a300800 Uncommon trap: reason=unstable_if action=reinterpret pc=0x0000000003a7df10 method=java.lang.StringCoding$StringDecoder.decode([BII)[C @ 20

Classes redefined (0 events):
No events

Internal exceptions (10 events):
Event: 20.116 Thread 0x000000001a300800 Exception <a 'java/lang/ClassNotFoundException': com/sun/org/glassfish/hk2/osgiresourcelocator/ServiceLoader> (0x00000000e63dd248) thrown at [D:\src\AOSP-openjdk-cygwin\jdk8u\hotspot\src\share\vm\classfile\systemDictionary.cpp, line 210]
Event: 20.536 Thread 0x000000001a300800 Exception <a 'sun/nio/fs/WindowsException'> (0x00000000e7096290) thrown at [D:\src\AOSP-openjdk-cygwin\jdk8u\hotspot\src\share\vm\prims\jni.cpp, line 710]
Event: 20.537 Thread 0x000000001a300800 Exception <a 'sun/nio/fs/WindowsException'> (0x00000000e7097448) thrown at [D:\src\AOSP-openjdk-cygwin\jdk8u\hotspot\src\share\vm\prims\jni.cpp, line 710]
Event: 20.537 Thread 0x000000001a300800 Exception <a 'sun/nio/fs/WindowsException'> (0x00000000e7097e48) thrown at [D:\src\AOSP-openjdk-cygwin\jdk8u\hotspot\src\share\vm\prims\jni.cpp, line 710]
Event: 21.492 Thread 0x000000001a300800 Exception <a 'sun/nio/fs/WindowsException'> (0x00000000e7122b38) thrown at [D:\src\AOSP-openjdk-cygwin\jdk8u\hotspot\src\share\vm\prims\jni.cpp, line 710]
Event: 22.504 Thread 0x000000001a300800 Implicit null exception at 0x00000000037a7458 to 0x00000000037a758d
Event: 22.519 Thread 0x000000001a300800 Implicit null exception at 0x00000000031d0f56 to 0x00000000031d12f1
Event: 22.570 Thread 0x000000001a300800 Implicit null exception at 0x000000000314ed14 to 0x000000000314f0d9
Event: 46.312 Thread 0x000000001a300800 Exception <a 'sun/nio/fs/WindowsException'> (0x00000000e730d7d8) thrown at [D:\src\AOSP-openjdk-cygwin\jdk8u\hotspot\src\share\vm\prims\jni.cpp, line 710]
Event: 46.314 Thread 0x000000001a300800 Exception <a 'sun/nio/fs/WindowsException'> (0x00000000e730f048) thrown at [D:\src\AOSP-openjdk-cygwin\jdk8u\hotspot\src\share\vm\prims\jni.cpp, line 710]

Events (10 events):
Event: 46.455 loading class org/apache/commons/compress/archivers/zip/UnparseableExtraFieldData
Event: 46.455 loading class org/apache/commons/compress/archivers/zip/UnparseableExtraFieldData done
Event: 46.460 Thread 0x000000001a300800 Uncommon trap: trap_request=0xffffff65 fr.pc=0x0000000003a8084c
Event: 46.460 Thread 0x000000001a300800 DEOPT PACKING pc=0x0000000003a8084c sp=0x000000001bf0af90
Event: 46.460 Thread 0x000000001a300800 DEOPT UNPACKING pc=0x0000000002f6557b sp=0x000000001bf0ae98 mode 2
Event: 46.460 loading class org/apache/commons/compress/archivers/zip/ZipFile$NameAndComment
Event: 46.460 loading class org/apache/commons/compress/archivers/zip/ZipFile$NameAndComment done
Event: 46.462 Thread 0x000000001a300800 Uncommon trap: trap_request=0xffffff65 fr.pc=0x0000000003a7df10
Event: 46.462 Thread 0x000000001a300800 DEOPT PACKING pc=0x0000000003a7df10 sp=0x000000001bf0aee0
Event: 46.462 Thread 0x000000001a300800 DEOPT UNPACKING pc=0x0000000002f6557b sp=0x000000001bf0ae80 mode 2


Dynamic libraries:
0x00007ff7eb580000 - 0x00007ff7eb5b1000 	E:\Android Studio\jre\bin\java.exe
0x00007ffbf11a0000 - 0x00007ffbf1390000 	C:\Windows\SYSTEM32\ntdll.dll
0x00007ffbef250000 - 0x00007ffbef302000 	C:\Windows\System32\KERNEL32.DLL
0x00007ffbee230000 - 0x00007ffbee4d3000 	C:\Windows\System32\KERNELBASE.dll
0x00007ffbef420000 - 0x00007ffbef4c3000 	C:\Windows\System32\ADVAPI32.dll
0x00007ffbefc40000 - 0x00007ffbefcde000 	C:\Windows\System32\msvcrt.dll
0x00007ffbf0030000 - 0x00007ffbf00c7000 	C:\Windows\System32\sechost.dll
0x00007ffbef530000 - 0x00007ffbef650000 	C:\Windows\System32\RPCRT4.dll
0x00007ffbf0fc0000 - 0x00007ffbf1154000 	C:\Windows\System32\USER32.dll
0x00007ffbef220000 - 0x00007ffbef241000 	C:\Windows\System32\win32u.dll
0x00007ffbf0d20000 - 0x00007ffbf0d46000 	C:\Windows\System32\GDI32.dll
0x00007ffbef080000 - 0x00007ffbef214000 	C:\Windows\System32\gdi32full.dll
0x00007ffbeefe0000 - 0x00007ffbef07e000 	C:\Windows\System32\msvcp_win.dll
0x00007ffbee130000 - 0x00007ffbee22a000 	C:\Windows\System32\ucrtbase.dll
0x00007ffbe0f50000 - 0x00007ffbe11d5000 	C:\Windows\WinSxS\amd64_microsoft.windows.common-controls_6595b64144ccf1df_6.0.18362.720_none_e6beb5c51314836b\COMCTL32.dll
0x00007ffbefce0000 - 0x00007ffbf0016000 	C:\Windows\System32\combase.dll
0x00007ffbeee00000 - 0x00007ffbeee80000 	C:\Windows\System32\bcryptPrimitives.dll
0x00007ffbf00d0000 - 0x00007ffbf00fe000 	C:\Windows\System32\IMM32.DLL
0x0000000070240000 - 0x0000000070312000 	E:\Android Studio\jre\jre\bin\msvcr100.dll
0x0000000070320000 - 0x0000000070b66000 	E:\Android Studio\jre\jre\bin\server\jvm.dll
0x00007ffbf0d50000 - 0x00007ffbf0d58000 	C:\Windows\System32\PSAPI.DLL
0x00007ffbecb60000 - 0x00007ffbecb69000 	C:\Windows\SYSTEM32\WSOCK32.dll
0x00007ffbf0170000 - 0x00007ffbf01df000 	C:\Windows\System32\WS2_32.dll
0x00007ffbea250000 - 0x00007ffbea274000 	C:\Windows\SYSTEM32\WINMM.dll
0x00007ffbe50a0000 - 0x00007ffbe50aa000 	C:\Windows\SYSTEM32\VERSION.dll
0x00007ffbea220000 - 0x00007ffbea24d000 	C:\Windows\SYSTEM32\WINMMBASE.dll
0x00007ffbee4e0000 - 0x00007ffbee52a000 	C:\Windows\System32\cfgmgr32.dll
0x00007ffbe9f40000 - 0x00007ffbe9f4f000 	E:\Android Studio\jre\jre\bin\verify.dll
0x00007ffbe1490000 - 0x00007ffbe14b9000 	E:\Android Studio\jre\jre\bin\java.dll
0x00007ffbe25c0000 - 0x00007ffbe25d6000 	E:\Android Studio\jre\jre\bin\zip.dll
0x00007ffbf0270000 - 0x00007ffbf0955000 	C:\Windows\System32\SHELL32.dll
0x00007ffbf0f10000 - 0x00007ffbf0fb9000 	C:\Windows\System32\shcore.dll
0x00007ffbee530000 - 0x00007ffbeecb0000 	C:\Windows\System32\windows.storage.dll
0x00007ffbee0b0000 - 0x00007ffbee0d3000 	C:\Windows\System32\profapi.dll
0x00007ffbee0e0000 - 0x00007ffbee12a000 	C:\Windows\System32\powrprof.dll
0x00007ffbee060000 - 0x00007ffbee070000 	C:\Windows\System32\UMPDC.dll
0x00007ffbef4d0000 - 0x00007ffbef522000 	C:\Windows\System32\shlwapi.dll
0x00007ffbee070000 - 0x00007ffbee081000 	C:\Windows\System32\kernel.appcore.dll
0x00007ffbeeee0000 - 0x00007ffbeeef7000 	C:\Windows\System32\cryptsp.dll
0x00007ffbe0a70000 - 0x00007ffbe0a8a000 	E:\Android Studio\jre\jre\bin\net.dll
0x00007ffbddc90000 - 0x00007ffbdde65000 	C:\Windows\SYSTEM32\urlmon.dll
0x00007ffbddfa0000 - 0x00007ffbde246000 	C:\Windows\SYSTEM32\iertutil.dll
0x00007ffbedaa0000 - 0x00007ffbedaac000 	C:\Windows\SYSTEM32\CRYPTBASE.DLL
0x00007ffbed8d0000 - 0x00007ffbed937000 	C:\Windows\system32\mswsock.dll
0x00007ffbe0a50000 - 0x00007ffbe0a63000 	E:\Android Studio\jre\jre\bin\nio.dll
0x00007ffbe49f0000 - 0x00007ffbe4a16000 	C:\Users\simra\.gradle\native\30\windows-amd64\native-platform.dll
0x00007ffbe7250000 - 0x00007ffbe725d000 	E:\Android Studio\jre\jre\bin\management.dll
0x00007ffbed440000 - 0x00007ffbed473000 	C:\Windows\system32\rsaenh.dll
0x00007ffbeef00000 - 0x00007ffbeef26000 	C:\Windows\System32\bcrypt.dll
0x00007ffbedf50000 - 0x00007ffbedf75000 	C:\Windows\SYSTEM32\USERENV.dll
0x00007ffbed5e0000 - 0x00007ffbed61a000 	C:\Windows\SYSTEM32\IPHLPAPI.DLL
0x00007ffbf0020000 - 0x00007ffbf0028000 	C:\Windows\System32\NSI.dll
0x00007ffbe2cb0000 - 0x00007ffbe2cc6000 	C:\Windows\SYSTEM32\dhcpcsvc6.DLL
0x00007ffbe2c90000 - 0x00007ffbe2cac000 	C:\Windows\SYSTEM32\dhcpcsvc.DLL
0x00007ffbed630000 - 0x00007ffbed6fa000 	C:\Windows\SYSTEM32\DNSAPI.dll
0x00007ffbe00a0000 - 0x00007ffbe00c4000 	E:\Android Studio\jre\jre\bin\sunec.dll
0x00007ffbe9f00000 - 0x00007ffbe9f0b000 	E:\Android Studio\jre\jre\bin\sunmscapi.dll
0x00007ffbeecb0000 - 0x00007ffbeedf9000 	C:\Windows\System32\CRYPT32.dll
0x00007ffbee090000 - 0x00007ffbee0a2000 	C:\Windows\System32\MSASN1.dll
0x00007ffbdc9e0000 - 0x00007ffbdc9ea000 	C:\Windows\System32\rasadhlp.dll
0x00007ffbe2930000 - 0x00007ffbe29a7000 	C:\Windows\System32\fwpuclnt.dll

VM Arguments:
jvm_args: -Xmx1536m -Dfile.encoding=windows-1252 -Duser.country=IN -Duser.language=en -Duser.variant 
java_command: org.gradle.launcher.daemon.bootstrap.GradleDaemon 5.6.4
java_class_path (initial): C:\Users\simra\.gradle\wrapper\dists\gradle-5.6.4-all\ankdp27end7byghfw1q2sw75f\gradle-5.6.4\lib\gradle-launcher-5.6.4.jar
Launcher Type: SUN_STANDARD

Environment Variables:
PATH=C:\Windows\system32;C:\Windows;C:\Windows\System32\Wbem;C:\Windows\System32\WindowsPowerShell\v1.0\;C:\Windows\System32\OpenSSH\;E:\Git\cmd;C:\Users\simra\AppData\Local\Microsoft\WindowsApps;D:\JetBrains\IntelliJ IDEA U 2019.3.1\IntelliJ IDEA 2019.3.1\bin;C:\Users\simra\AppData\Local\GitHubDesktop\bin
USERNAME=simra
OS=Windows_NT
PROCESSOR_IDENTIFIER=Intel64 Family 6 Model 61 Stepping 4, GenuineIntel



---------------  S Y S T E M  ---------------

OS: Windows 10.0 , 64 bit Build 18362 (10.0.18362.329)

CPU:total 4 (initial active 4) (2 cores per cpu, 2 threads per core) family 6 model 61 stepping 4, cmov, cx8, fxsr, mmx, sse, sse2, sse3, ssse3, sse4.1, sse4.2, popcnt, avx, avx2, aes, clmul, erms, 3dnowpref, lzcnt, ht, tsc, tscinvbit, bmi1, bmi2, adx

Memory: 4k page, physical 8309004k(1318304k free), swap 10264844k(2612k free)

vm_info: OpenJDK 64-Bit Server VM (25.212-b04) for windows-amd64 JRE (1.8.0_212-release-1586-b04), built by "builder" with MS VC++ 10.0 (VS2010)

time: Fri Apr 10 18:32:47 2020
timezone: Eastern Daylight Time
elapsed time: 46 seconds (0d 0h 0m 46s)

