#
# There is insufficient memory for the Java Runtime Environment to continue.
# Native memory allocation (malloc) failed to allocate 772336 bytes for Chunk::new
# Possible reasons:
#   The system is out of physical RAM or swap space
#   The process is running with CompressedOops enabled, and the Java Heap may be blocking the growth of the native heap
# Possible solutions:
#   Reduce memory load on the system
#   Increase physical memory or swap space
#   Check if swap backing store is full
#   Decrease Java heap size (-Xmx/-Xms)
#   Decrease number of Java threads
#   Decrease Java thread stack sizes (-Xss)
#   Set larger code cache with -XX:ReservedCodeCacheSize=
#   JVM is running with Unscaled Compressed Oops mode in which the Java heap is
#     placed in the first 4GB address space. The Java Heap base address is the
#     maximum limit for the native heap growth. Please use -XX:HeapBaseMinAddress
#     to set the Java Heap base and to place the Java Heap above 4GB virtual address.
# This output file may be truncated or incomplete.
#
#  Out of Memory Error (allocation.cpp:389), pid=13160, tid=0x0000000000000944
#
# JRE version: OpenJDK Runtime Environment (8.0_212-b04) (build 1.8.0_212-release-1586-b04)
# Java VM: OpenJDK 64-Bit Server VM (25.212-b04 mixed mode windows-amd64 compressed oops)
# Failed to write core dump. Minidumps are not enabled by default on client versions of Windows
#

---------------  T H R E A D  ---------------

Current thread (0x0000000016c1f000):  JavaThread "C2 CompilerThread1" daemon [_thread_in_native, id=2372, stack(0x0000000018330000,0x0000000018430000)]

Stack: [0x0000000018330000,0x0000000018430000]
[error occurred during error reporting (printing stack bounds), id 0xc0000005]

Native frames: (J=compiled Java code, j=interpreted, Vv=VM code, C=native code)


Current CompileTask:
C2:   6410 1466   !   4       java.net.URLClassLoader$1::run (63 bytes)


---------------  P R O C E S S  ---------------

Java Threads: ( => current thread )
  0x0000000019158000 JavaThread "Cache worker for journal cache (C:\Users\simra\.gradle\caches\journal-1)" [_thread_blocked, id=10176, stack(0x000000001c950000,0x000000001ca50000)]
  0x000000001915c000 JavaThread "File lock request listener" [_thread_in_native, id=10376, stack(0x000000001c850000,0x000000001c950000)]
  0x0000000019159800 JavaThread "Cache worker for file hash cache (C:\Users\simra\.gradle\caches\5.6.4\fileHashes)" [_thread_blocked, id=11112, stack(0x000000001c750000,0x000000001c850000)]
  0x000000001973c800 JavaThread "Thread-9" [_thread_blocked, id=4564, stack(0x000000001c450000,0x000000001c550000)]
  0x000000001864d000 JavaThread "Stdin handler" [_thread_blocked, id=5780, stack(0x000000001c350000,0x000000001c450000)]
  0x0000000019ca1000 JavaThread "Asynchronous log dispatcher for DefaultDaemonConnection: socket connection from /127.0.0.1:64782 to /127.0.0.1:64783" [_thread_blocked, id=4316, stack(0x000000001c250000,0x000000001c350000)]
  0x0000000018f8c800 JavaThread "Daemon worker" [_thread_in_Java, id=7364, stack(0x000000001c150000,0x000000001c250000)]
  0x0000000018679000 JavaThread "Cancel handler" [_thread_blocked, id=3540, stack(0x000000001c050000,0x000000001c150000)]
  0x000000001853e800 JavaThread "Handler for socket connection from /127.0.0.1:64782 to /127.0.0.1:64783" [_thread_in_native, id=6996, stack(0x000000001bd50000,0x000000001be50000)]
  0x000000001853e000 JavaThread "Daemon" [_thread_blocked, id=616, stack(0x000000001bc50000,0x000000001bd50000)]
  0x0000000018ba2800 JavaThread "Daemon periodic checks" [_thread_blocked, id=400, stack(0x000000001bb50000,0x000000001bc50000)]
  0x0000000018b9b800 JavaThread "Incoming local TCP Connector on port 64782" [_thread_in_native, id=12056, stack(0x000000001b910000,0x000000001ba10000)]
  0x000000001a48f800 JavaThread "Daemon health stats" [_thread_blocked, id=12340, stack(0x000000001b2d0000,0x000000001b3d0000)]
  0x0000000016c2d800 JavaThread "Service Thread" daemon [_thread_blocked, id=10820, stack(0x0000000018930000,0x0000000018a30000)]
  0x0000000016c2a800 JavaThread "C1 CompilerThread2" daemon [_thread_blocked, id=10716, stack(0x0000000018430000,0x0000000018530000)]
=>0x0000000016c1f000 JavaThread "C2 CompilerThread1" daemon [_thread_in_native, id=2372, stack(0x0000000018330000,0x0000000018430000)]
  0x0000000016bd3800 JavaThread "C2 CompilerThread0" daemon [_thread_in_native, id=1972, stack(0x0000000018230000,0x0000000018330000)]
  0x0000000016bd1800 JavaThread "Attach Listener" daemon [_thread_blocked, id=10360, stack(0x0000000018130000,0x0000000018230000)]
  0x0000000016bd0800 JavaThread "Signal Dispatcher" daemon [_thread_blocked, id=12264, stack(0x0000000018030000,0x0000000018130000)]
  0x0000000003259800 JavaThread "Finalizer" daemon [_thread_blocked, id=12600, stack(0x0000000017e30000,0x0000000017f30000)]
  0x0000000003251000 JavaThread "Reference Handler" daemon [_thread_blocked, id=6700, stack(0x0000000017d30000,0x0000000017e30000)]
  0x000000000305d800 JavaThread "main" [_thread_blocked, id=8152, stack(0x0000000003060000,0x0000000003160000)]

Other Threads:
  0x0000000016b96000 VMThread [stack: 0x0000000017c30000,0x0000000017d30000] [id=11032]
  0x000000001855c000 WatcherThread [stack: 0x0000000018a30000,0x0000000018b30000] [id=3136]

VM state:not at safepoint (normal execution)

VM Mutex/Monitor currently owned by a thread: None

heap address: 0x00000000a0000000, size: 1536 MB, Compressed Oops mode: 32-bit
Narrow klass base: 0x0000000000000000, Narrow klass shift: 3
Compressed class space size: 1073741824 Address: 0x0000000100000000

Heap:
 PSYoungGen      total 38400K, used 26216K [0x00000000e0000000, 0x00000000e2a80000, 0x0000000100000000)
  eden space 33280K, 63% used [0x00000000e0000000,0x00000000e149e2d0,0x00000000e2080000)
  from space 5120K, 99% used [0x00000000e2080000,0x00000000e257c030,0x00000000e2580000)
  to   space 5120K, 0% used [0x00000000e2580000,0x00000000e2580000,0x00000000e2a80000)
 ParOldGen       total 87552K, used 1512K [0x00000000a0000000, 0x00000000a5580000, 0x00000000e0000000)
  object space 87552K, 1% used [0x00000000a0000000,0x00000000a017a238,0x00000000a5580000)
 Metaspace       used 14250K, capacity 14640K, committed 14976K, reserved 1062912K
  class space    used 1960K, capacity 2094K, committed 2176K, reserved 1048576K

Card table byte_map: [0x0000000012620000,0x0000000012930000] byte_map_base: 0x0000000012120000

Marking Bits: (ParMarkBitMap*) 0x0000000070ae9f30
 Begin Bits: [0x0000000012f30000, 0x0000000014730000)
 End Bits:   [0x0000000014730000, 0x0000000015f30000)

Polling page: 0x00000000017a0000

CodeCache: size=245760Kb used=5232Kb max_used=5244Kb free=240527Kb
 bounds [0x0000000003260000, 0x0000000003790000, 0x0000000012260000]
 total_blobs=1846 nmethods=1464 adapters=295
 compilation: enabled

Compilation events (10 events):
Event: 6.209 Thread 0x0000000016c2a800 nmethod 1461 0x0000000003770110 code [0x0000000003770280, 0x00000000037704a8]
Event: 6.209 Thread 0x0000000016c2a800 1462       3       com.google.common.base.Preconditions::checkElementIndex (8 bytes)
Event: 6.209 Thread 0x0000000016c2a800 nmethod 1462 0x000000000376fb10 code [0x000000000376fca0, 0x000000000376ff98]
Event: 6.223 Thread 0x0000000016c2a800 1463       3       java.util.concurrent.locks.AbstractQueuedSynchronizer::compareAndSetState (13 bytes)
Event: 6.223 Thread 0x0000000016c2a800 nmethod 1463 0x000000000376f7d0 code [0x000000000376f920, 0x000000000376fa90]
Event: 6.226 Thread 0x0000000016bd3800 nmethod 1457 0x00000000037801d0 code [0x0000000003780360, 0x0000000003780b18]
Event: 6.236 Thread 0x0000000016c1f000 1464       4       java.util.jar.JarFile::maybeInstantiateVerifier (96 bytes)
Event: 6.239 Thread 0x0000000016bd3800 1465       4       java.net.URLClassLoader$1::run (5 bytes)
Event: 6.250 Thread 0x0000000016c1f000 nmethod 1464 0x0000000003781590 code [0x0000000003781720, 0x0000000003781b78]
Event: 6.251 Thread 0x0000000016c1f000 1466   !   4       java.net.URLClassLoader$1::run (63 bytes)

GC Heap History (6 events):
Event: 2.483 GC heap before
{Heap before GC invocations=1 (full 0):
 PSYoungGen      total 38400K, used 33280K [0x00000000e0000000, 0x00000000e2a80000, 0x0000000100000000)
  eden space 33280K, 100% used [0x00000000e0000000,0x00000000e2080000,0x00000000e2080000)
  from space 5120K, 0% used [0x00000000e2580000,0x00000000e2580000,0x00000000e2a80000)
  to   space 5120K, 0% used [0x00000000e2080000,0x00000000e2080000,0x00000000e2580000)
 ParOldGen       total 87552K, used 0K [0x00000000a0000000, 0x00000000a5580000, 0x00000000e0000000)
  object space 87552K, 0% used [0x00000000a0000000,0x00000000a0000000,0x00000000a5580000)
 Metaspace       used 7035K, capacity 7264K, committed 7424K, reserved 1056768K
  class space    used 857K, capacity 940K, committed 1024K, reserved 1048576K
Event: 2.499 GC heap after
Heap after GC invocations=1 (full 0):
 PSYoungGen      total 38400K, used 4231K [0x00000000e0000000, 0x00000000e2a80000, 0x0000000100000000)
  eden space 33280K, 0% used [0x00000000e0000000,0x00000000e0000000,0x00000000e2080000)
  from space 5120K, 82% used [0x00000000e2080000,0x00000000e24a1f80,0x00000000e2580000)
  to   space 5120K, 0% used [0x00000000e2580000,0x00000000e2580000,0x00000000e2a80000)
 ParOldGen       total 87552K, used 8K [0x00000000a0000000, 0x00000000a5580000, 0x00000000e0000000)
  object space 87552K, 0% used [0x00000000a0000000,0x00000000a0002000,0x00000000a5580000)
 Metaspace       used 7035K, capacity 7264K, committed 7424K, reserved 1056768K
  class space    used 857K, capacity 940K, committed 1024K, reserved 1048576K
}
Event: 3.631 GC heap before
{Heap before GC invocations=2 (full 0):
 PSYoungGen      total 38400K, used 37511K [0x00000000e0000000, 0x00000000e2a80000, 0x0000000100000000)
  eden space 33280K, 100% used [0x00000000e0000000,0x00000000e2080000,0x00000000e2080000)
  from space 5120K, 82% used [0x00000000e2080000,0x00000000e24a1f80,0x00000000e2580000)
  to   space 5120K, 0% used [0x00000000e2580000,0x00000000e2580000,0x00000000e2a80000)
 ParOldGen       total 87552K, used 8K [0x00000000a0000000, 0x00000000a5580000, 0x00000000e0000000)
  object space 87552K, 0% used [0x00000000a0000000,0x00000000a0002000,0x00000000a5580000)
 Metaspace       used 7388K, capacity 7578K, committed 7680K, reserved 1056768K
  class space    used 914K, capacity 981K, committed 1024K, reserved 1048576K
Event: 3.637 GC heap after
Heap after GC invocations=2 (full 0):
 PSYoungGen      total 38400K, used 3473K [0x00000000e0000000, 0x00000000e2a80000, 0x0000000100000000)
  eden space 33280K, 0% used [0x00000000e0000000,0x00000000e0000000,0x00000000e2080000)
  from space 5120K, 67% used [0x00000000e2580000,0x00000000e28e4500,0x00000000e2a80000)
  to   space 5120K, 0% used [0x00000000e2080000,0x00000000e2080000,0x00000000e2580000)
 ParOldGen       total 87552K, used 16K [0x00000000a0000000, 0x00000000a5580000, 0x00000000e0000000)
  object space 87552K, 0% used [0x00000000a0000000,0x00000000a0004000,0x00000000a5580000)
 Metaspace       used 7388K, capacity 7578K, committed 7680K, reserved 1056768K
  class space    used 914K, capacity 981K, committed 1024K, reserved 1048576K
}
Event: 5.610 GC heap before
{Heap before GC invocations=3 (full 0):
 PSYoungGen      total 38400K, used 36753K [0x00000000e0000000, 0x00000000e2a80000, 0x0000000100000000)
  eden space 33280K, 100% used [0x00000000e0000000,0x00000000e2080000,0x00000000e2080000)
  from space 5120K, 67% used [0x00000000e2580000,0x00000000e28e4500,0x00000000e2a80000)
  to   space 5120K, 0% used [0x00000000e2080000,0x00000000e2080000,0x00000000e2580000)
 ParOldGen       total 87552K, used 16K [0x00000000a0000000, 0x00000000a5580000, 0x00000000e0000000)
  object space 87552K, 0% used [0x00000000a0000000,0x00000000a0004000,0x00000000a5580000)
 Metaspace       used 12464K, capacity 12842K, committed 12928K, reserved 1060864K
  class space    used 1680K, capacity 1835K, committed 1920K, reserved 1048576K
Event: 5.625 GC heap after
Heap after GC invocations=3 (full 0):
 PSYoungGen      total 38400K, used 5104K [0x00000000e0000000, 0x00000000e2a80000, 0x0000000100000000)
  eden space 33280K, 0% used [0x00000000e0000000,0x00000000e0000000,0x00000000e2080000)
  from space 5120K, 99% used [0x00000000e2080000,0x00000000e257c030,0x00000000e2580000)
  to   space 5120K, 0% used [0x00000000e2580000,0x00000000e2580000,0x00000000e2a80000)
 ParOldGen       total 87552K, used 1512K [0x00000000a0000000, 0x00000000a5580000, 0x00000000e0000000)
  object space 87552K, 1% used [0x00000000a0000000,0x00000000a017a238,0x00000000a5580000)
 Metaspace       used 12464K, capacity 12842K, committed 12928K, reserved 1060864K
  class space    used 1680K, capacity 1835K, committed 1920K, reserved 1048576K
}

Deoptimization events (10 events):
Event: 4.433 Thread 0x000000000305d800 Uncommon trap: reason=unstable_if action=reinterpret pc=0x00000000034fdd78 method=java.io.WinNTFileSystem.normalize(Ljava/lang/String;)Ljava/lang/String; @ 128
Event: 5.267 Thread 0x000000001853e800 Uncommon trap: reason=unstable_if action=reinterpret pc=0x0000000003654244 method=java.util.concurrent.ConcurrentHashMap.putVal(Ljava/lang/Object;Ljava/lang/Object;Z)Ljava/lang/Object; @ 206
Event: 5.389 Thread 0x0000000018f8c800 Uncommon trap: reason=bimorphic action=maybe_recompile pc=0x00000000034a6510 method=java.util.HashMap.putVal(ILjava/lang/Object;Ljava/lang/Object;ZZ)Ljava/lang/Object; @ 253
Event: 5.390 Thread 0x0000000018f8c800 Uncommon trap: reason=bimorphic action=maybe_recompile pc=0x00000000034a6510 method=java.util.HashMap.putVal(ILjava/lang/Object;Ljava/lang/Object;ZZ)Ljava/lang/Object; @ 253
Event: 5.390 Thread 0x0000000018f8c800 Uncommon trap: reason=bimorphic action=maybe_recompile pc=0x00000000034a6510 method=java.util.HashMap.putVal(ILjava/lang/Object;Ljava/lang/Object;ZZ)Ljava/lang/Object; @ 253
Event: 5.390 Thread 0x0000000018f8c800 Uncommon trap: reason=bimorphic action=maybe_recompile pc=0x00000000034a8ba8 method=java.util.HashMap.putVal(ILjava/lang/Object;Ljava/lang/Object;ZZ)Ljava/lang/Object; @ 253
Event: 5.992 Thread 0x0000000018f8c800 Uncommon trap: reason=class_check action=maybe_recompile pc=0x0000000003550998 method=java.util.regex.Matcher.match(II)Z @ 86
Event: 6.027 Thread 0x0000000018f8c800 Uncommon trap: reason=class_check action=maybe_recompile pc=0x0000000003550998 method=java.util.regex.Matcher.match(II)Z @ 86
Event: 6.029 Thread 0x0000000018f8c800 Uncommon trap: reason=class_check action=maybe_recompile pc=0x0000000003550998 method=java.util.regex.Matcher.match(II)Z @ 86
Event: 6.030 Thread 0x0000000018f8c800 Uncommon trap: reason=class_check action=maybe_recompile pc=0x000000000351531c method=java.util.regex.Matcher.match(II)Z @ 86

Classes redefined (0 events):
No events

Internal exceptions (10 events):
Event: 5.273 Thread 0x000000001853e800 Exception <a 'java/lang/NoSuchMethodError': <clinit>> (0x00000000e17949d8) thrown at [D:\src\AOSP-openjdk-cygwin\jdk8u\hotspot\src\share\vm\prims\jni.cpp, line 1614]
Event: 5.278 Thread 0x000000001853e800 Exception <a 'java/lang/NoSuchMethodError': <clinit>> (0x00000000e17a7bd8) thrown at [D:\src\AOSP-openjdk-cygwin\jdk8u\hotspot\src\share\vm\prims\jni.cpp, line 1614]
Event: 5.286 Thread 0x000000001853e800 Exception <a 'java/lang/NoSuchMethodError': <clinit>> (0x00000000e17cefa8) thrown at [D:\src\AOSP-openjdk-cygwin\jdk8u\hotspot\src\share\vm\prims\jni.cpp, line 1614]
Event: 5.291 Thread 0x000000001853e800 Exception <a 'java/lang/NoSuchMethodError': <clinit>> (0x00000000e17e6f78) thrown at [D:\src\AOSP-openjdk-cygwin\jdk8u\hotspot\src\share\vm\prims\jni.cpp, line 1614]
Event: 5.292 Thread 0x000000001853e800 Exception <a 'java/lang/NoSuchMethodError': <clinit>> (0x00000000e17efc08) thrown at [D:\src\AOSP-openjdk-cygwin\jdk8u\hotspot\src\share\vm\prims\jni.cpp, line 1614]
Event: 5.296 Thread 0x000000001853e800 Exception <a 'java/lang/NoSuchMethodError': <clinit>> (0x00000000e1806208) thrown at [D:\src\AOSP-openjdk-cygwin\jdk8u\hotspot\src\share\vm\prims\jni.cpp, line 1614]
Event: 5.310 Thread 0x000000001853e800 Exception <a 'java/lang/NoSuchMethodError': <clinit>> (0x00000000e1863de0) thrown at [D:\src\AOSP-openjdk-cygwin\jdk8u\hotspot\src\share\vm\prims\jni.cpp, line 1614]
Event: 5.314 Thread 0x000000001853e800 Exception <a 'java/lang/NoSuchMethodError': <clinit>> (0x00000000e1890a78) thrown at [D:\src\AOSP-openjdk-cygwin\jdk8u\hotspot\src\share\vm\prims\jni.cpp, line 1614]
Event: 5.325 Thread 0x000000001853e800 Exception <a 'java/lang/NoSuchMethodError': <clinit>> (0x00000000e18bed38) thrown at [D:\src\AOSP-openjdk-cygwin\jdk8u\hotspot\src\share\vm\prims\jni.cpp, line 1614]
Event: 5.326 Thread 0x000000001853e800 Exception <a 'java/lang/NoSuchMethodError': <clinit>> (0x00000000e18ca140) thrown at [D:\src\AOSP-openjdk-cygwin\jdk8u\hotspot\src\share\vm\prims\jni.cpp, line 1614]

Events (10 events):
Event: 6.331 loading class org/gradle/internal/build/PublicBuildPath
Event: 6.331 loading class org/gradle/internal/build/PublicBuildPath done
Event: 6.331 loading class org/gradle/api/internal/project/taskfactory/ITaskFactory
Event: 6.331 loading class org/gradle/api/internal/project/taskfactory/ITaskFactory done
Event: 6.332 loading class org/gradle/internal/actor/ActorFactory
Event: 6.332 loading class org/gradle/internal/actor/ActorFactory done
Event: 6.332 loading class org/gradle/initialization/BuildLoader
Event: 6.332 loading class org/gradle/initialization/BuildLoader done
Event: 6.333 loading class org/gradle/configuration/ScriptPluginFactory
Event: 6.333 loading class org/gradle/configuration/ScriptPluginFactory done


Dynamic libraries:
0x00007ff7eb580000 - 0x00007ff7eb5b1000 	E:\Android Studio\jre\bin\java.exe
0x00007ffbf11a0000 - 0x00007ffbf1390000 	C:\Windows\SYSTEM32\ntdll.dll
0x00007ffbef250000 - 0x00007ffbef302000 	C:\Windows\System32\KERNEL32.DLL
0x00007ffbee230000 - 0x00007ffbee4d3000 	C:\Windows\System32\KERNELBASE.dll
0x00007ffbef420000 - 0x00007ffbef4c3000 	C:\Windows\System32\ADVAPI32.dll
0x00007ffbefc40000 - 0x00007ffbefcde000 	C:\Windows\System32\msvcrt.dll
0x00007ffbf0030000 - 0x00007ffbf00c7000 	C:\Windows\System32\sechost.dll
0x00007ffbef530000 - 0x00007ffbef650000 	C:\Windows\System32\RPCRT4.dll
0x00007ffbf0fc0000 - 0x00007ffbf1154000 	C:\Windows\System32\USER32.dll
0x00007ffbef220000 - 0x00007ffbef241000 	C:\Windows\System32\win32u.dll
0x00007ffbf0d20000 - 0x00007ffbf0d46000 	C:\Windows\System32\GDI32.dll
0x00007ffbef080000 - 0x00007ffbef214000 	C:\Windows\System32\gdi32full.dll
0x00007ffbeefe0000 - 0x00007ffbef07e000 	C:\Windows\System32\msvcp_win.dll
0x00007ffbee130000 - 0x00007ffbee22a000 	C:\Windows\System32\ucrtbase.dll
0x00007ffbe0f50000 - 0x00007ffbe11d5000 	C:\Windows\WinSxS\amd64_microsoft.windows.common-controls_6595b64144ccf1df_6.0.18362.720_none_e6beb5c51314836b\COMCTL32.dll
0x00007ffbefce0000 - 0x00007ffbf0016000 	C:\Windows\System32\combase.dll
0x00007ffbeee00000 - 0x00007ffbeee80000 	C:\Windows\System32\bcryptPrimitives.dll
0x00007ffbf00d0000 - 0x00007ffbf00fe000 	C:\Windows\System32\IMM32.DLL
0x0000000070240000 - 0x0000000070312000 	E:\Android Studio\jre\jre\bin\msvcr100.dll
0x0000000070320000 - 0x0000000070b66000 	E:\Android Studio\jre\jre\bin\server\jvm.dll
0x00007ffbf0d50000 - 0x00007ffbf0d58000 	C:\Windows\System32\PSAPI.DLL
0x00007ffbe50a0000 - 0x00007ffbe50aa000 	C:\Windows\SYSTEM32\VERSION.dll
0x00007ffbea250000 - 0x00007ffbea274000 	C:\Windows\SYSTEM32\WINMM.dll
0x00007ffbecb60000 - 0x00007ffbecb69000 	C:\Windows\SYSTEM32\WSOCK32.dll
0x00007ffbf0170000 - 0x00007ffbf01df000 	C:\Windows\System32\WS2_32.dll
0x00007ffbea220000 - 0x00007ffbea24d000 	C:\Windows\SYSTEM32\WINMMBASE.dll
0x00007ffbee4e0000 - 0x00007ffbee52a000 	C:\Windows\System32\cfgmgr32.dll
0x00007ffbe9f40000 - 0x00007ffbe9f4f000 	E:\Android Studio\jre\jre\bin\verify.dll
0x00007ffbe1490000 - 0x00007ffbe14b9000 	E:\Android Studio\jre\jre\bin\java.dll
0x00007ffbe25c0000 - 0x00007ffbe25d6000 	E:\Android Studio\jre\jre\bin\zip.dll
0x00007ffbf0270000 - 0x00007ffbf0955000 	C:\Windows\System32\SHELL32.dll
0x00007ffbf0f10000 - 0x00007ffbf0fb9000 	C:\Windows\System32\shcore.dll
0x00007ffbee530000 - 0x00007ffbeecb0000 	C:\Windows\System32\windows.storage.dll
0x00007ffbee0b0000 - 0x00007ffbee0d3000 	C:\Windows\System32\profapi.dll
0x00007ffbee0e0000 - 0x00007ffbee12a000 	C:\Windows\System32\powrprof.dll
0x00007ffbee060000 - 0x00007ffbee070000 	C:\Windows\System32\UMPDC.dll
0x00007ffbef4d0000 - 0x00007ffbef522000 	C:\Windows\System32\shlwapi.dll
0x00007ffbee070000 - 0x00007ffbee081000 	C:\Windows\System32\kernel.appcore.dll
0x00007ffbeeee0000 - 0x00007ffbeeef7000 	C:\Windows\System32\cryptsp.dll
0x00007ffbe0a70000 - 0x00007ffbe0a8a000 	E:\Android Studio\jre\jre\bin\net.dll
0x00007ffbddc90000 - 0x00007ffbdde65000 	C:\Windows\SYSTEM32\urlmon.dll
0x00007ffbddfa0000 - 0x00007ffbde246000 	C:\Windows\SYSTEM32\iertutil.dll
0x00007ffbedaa0000 - 0x00007ffbedaac000 	C:\Windows\SYSTEM32\CRYPTBASE.DLL
0x00007ffbed8d0000 - 0x00007ffbed937000 	C:\Windows\system32\mswsock.dll
0x00007ffbe0a50000 - 0x00007ffbe0a63000 	E:\Android Studio\jre\jre\bin\nio.dll
0x00007ffbe49f0000 - 0x00007ffbe4a16000 	C:\Users\simra\.gradle\native\30\windows-amd64\native-platform.dll
0x00007ffbe7250000 - 0x00007ffbe725d000 	E:\Android Studio\jre\jre\bin\management.dll
0x00007ffbed440000 - 0x00007ffbed473000 	C:\Windows\system32\rsaenh.dll
0x00007ffbeef00000 - 0x00007ffbeef26000 	C:\Windows\System32\bcrypt.dll
0x00007ffbedf50000 - 0x00007ffbedf75000 	C:\Windows\SYSTEM32\USERENV.dll
0x00007ffbed5e0000 - 0x00007ffbed61a000 	C:\Windows\SYSTEM32\IPHLPAPI.DLL
0x00007ffbf0020000 - 0x00007ffbf0028000 	C:\Windows\System32\NSI.dll
0x00007ffbe2cb0000 - 0x00007ffbe2cc6000 	C:\Windows\SYSTEM32\dhcpcsvc6.DLL
0x00007ffbe2c90000 - 0x00007ffbe2cac000 	C:\Windows\SYSTEM32\dhcpcsvc.DLL
0x00007ffbed630000 - 0x00007ffbed6fa000 	C:\Windows\SYSTEM32\DNSAPI.dll

VM Arguments:
jvm_args: -Xmx1536m -Dfile.encoding=windows-1252 -Duser.country=IN -Duser.language=en -Duser.variant 
java_command: org.gradle.launcher.daemon.bootstrap.GradleDaemon 5.6.4
java_class_path (initial): C:\Users\simra\.gradle\wrapper\dists\gradle-5.6.4-all\ankdp27end7byghfw1q2sw75f\gradle-5.6.4\lib\gradle-launcher-5.6.4.jar
Launcher Type: SUN_STANDARD

Environment Variables:
PATH=C:\Windows\system32;C:\Windows;C:\Windows\System32\Wbem;C:\Windows\System32\WindowsPowerShell\v1.0\;C:\Windows\System32\OpenSSH\;E:\Git\cmd;C:\Users\simra\AppData\Local\Microsoft\WindowsApps;D:\JetBrains\IntelliJ IDEA U 2019.3.1\IntelliJ IDEA 2019.3.1\bin;C:\Users\simra\AppData\Local\GitHubDesktop\bin
USERNAME=simra
OS=Windows_NT
PROCESSOR_IDENTIFIER=Intel64 Family 6 Model 61 Stepping 4, GenuineIntel



---------------  S Y S T E M  ---------------

OS: Windows 10.0 , 64 bit Build 18362 (10.0.18362.329)

CPU:total 4 (initial active 4) (2 cores per cpu, 2 threads per core) family 6 model 61 stepping 4, cmov, cx8, fxsr, mmx, sse, sse2, sse3, ssse3, sse4.1, sse4.2, popcnt, avx, avx2, aes, clmul, erms, 3dnowpref, lzcnt, ht, tsc, tscinvbit, bmi1, bmi2, adx

Memory: 4k page, physical 8309004k(1380824k free), swap 10264844k(3176k free)

vm_info: OpenJDK 64-Bit Server VM (25.212-b04) for windows-amd64 JRE (1.8.0_212-release-1586-b04), built by "builder" with MS VC++ 10.0 (VS2010)

time: Fri Apr 10 18:24:11 2020
timezone: Eastern Daylight Time
elapsed time: 6 seconds (0d 0h 0m 6s)

